<?xml version="1.0" encoding="UTF-8"?>
<coverage generated="1748544246471" clover="3.2.0">
  <project timestamp="1748544246473" name="All files">
    <metrics statements="31" coveredstatements="31" conditionals="6" coveredconditionals="6" methods="6" coveredmethods="6" elements="43" coveredelements="43" complexity="0" loc="31" ncloc="31" packages="1" files="2" classes="2"/>
    <file name="index.ts" path="C:\Users\jU\Documents\GitHub\Build-Tool-Showcase\src\index.ts">
      <metrics statements="20" coveredstatements="20" conditionals="5" coveredconditionals="5" methods="5" coveredmethods="5"/>
      <line num="1" count="1" type="stmt"/>
      <line num="2" count="1" type="stmt"/>
      <line num="3" count="1" type="stmt"/>
      <line num="4" count="1" type="stmt"/>
      <line num="6" count="1" type="stmt"/>
      <line num="7" count="1" type="stmt"/>
      <line num="9" count="1" type="stmt"/>
      <line num="13" count="2" type="stmt"/>
      <line num="14" count="15" type="stmt"/>
      <line num="18" count="1" type="stmt"/>
      <line num="19" count="2" type="cond" truecount="4" falsecount="0"/>
      <line num="20" count="1" type="stmt"/>
      <line num="24" count="1" type="stmt"/>
      <line num="26" count="1" type="stmt"/>
      <line num="27" count="2" type="stmt"/>
      <line num="28" count="2" type="cond" truecount="1" falsecount="0"/>
      <line num="29" count="1" type="stmt"/>
      <line num="33" count="1" type="stmt"/>
      <line num="34" count="1" type="stmt"/>
      <line num="35" count="1" type="stmt"/>
    </file>
    <file name="utils.ts" path="C:\Users\jU\Documents\GitHub\Build-Tool-Showcase\src\utils.ts">
      <metrics statements="11" coveredstatements="11" conditionals="1" coveredconditionals="1" methods="1" coveredmethods="1"/>
      <line num="1" count="1" type="stmt"/>
      <line num="5" count="16" type="stmt"/>
      <line num="6" count="16" type="stmt"/>
      <line num="8" count="16" type="stmt"/>
      <line num="9" count="16" type="stmt"/>
      <line num="11" count="16" type="stmt"/>
      <line num="12" count="16" type="stmt"/>
      <line num="14" count="16" type="stmt"/>
      <line num="15" count="16" type="stmt"/>
      <line num="16" count="16" type="cond" truecount="1" falsecount="0"/>
      <line num="17" count="3" type="stmt"/>
    </file>
  </project>
</coverage>
