<?xml version="1.0" encoding="UTF-8"?>
<coverage generated="1748556106522" clover="3.2.0">
  <project timestamp="1748556106523" name="All files">
    <metrics statements="39" coveredstatements="39" conditionals="6" coveredconditionals="6" methods="6" coveredmethods="6" elements="51" coveredelements="51" complexity="0" loc="39" ncloc="39" packages="1" files="2" classes="2"/>
    <file name="index.ts" path="C:\Users\jU\Documents\GitHub\Build-Tool-Showcase\src\index.ts">
      <metrics statements="21" coveredstatements="21" conditionals="5" coveredconditionals="5" methods="5" coveredmethods="5"/>
      <line num="1" count="1" type="stmt"/>
      <line num="2" count="1" type="stmt"/>
      <line num="3" count="1" type="stmt"/>
      <line num="4" count="1" type="stmt"/>
      <line num="6" count="1" type="stmt"/>
      <line num="7" count="1" type="stmt"/>
      <line num="9" count="1" type="stmt"/>
      <line num="13" count="2" type="stmt"/>
      <line num="14" count="19" type="stmt"/>
      <line num="15" count="19" type="stmt"/>
      <line num="19" count="1" type="stmt"/>
      <line num="20" count="2" type="cond" truecount="4" falsecount="0"/>
      <line num="21" count="1" type="stmt"/>
      <line num="25" count="1" type="stmt"/>
      <line num="27" count="1" type="stmt"/>
      <line num="28" count="2" type="stmt"/>
      <line num="29" count="2" type="cond" truecount="1" falsecount="0"/>
      <line num="30" count="1" type="stmt"/>
      <line num="34" count="1" type="stmt"/>
      <line num="35" count="1" type="stmt"/>
      <line num="36" count="1" type="stmt"/>
    </file>
    <file name="utils.ts" path="C:\Users\jU\Documents\GitHub\Build-Tool-Showcase\src\utils.ts">
      <metrics statements="18" coveredstatements="18" conditionals="1" coveredconditionals="1" methods="1" coveredmethods="1"/>
      <line num="1" count="1" type="stmt"/>
      <line num="6" count="20" type="stmt"/>
      <line num="7" count="20" type="stmt"/>
      <line num="9" count="20" type="stmt"/>
      <line num="10" count="20" type="stmt"/>
      <line num="12" count="20" type="stmt"/>
      <line num="13" count="20" type="stmt"/>
      <line num="14" count="20" type="stmt"/>
      <line num="16" count="20" type="stmt"/>
      <line num="17" count="20" type="stmt"/>
      <line num="19" count="20" type="stmt"/>
      <line num="20" count="20" type="stmt"/>
      <line num="22" count="20" type="stmt"/>
      <line num="23" count="20" type="stmt"/>
      <line num="24" count="20" type="stmt"/>
      <line num="25" count="20" type="stmt"/>
      <line num="26" count="20" type="cond" truecount="1" falsecount="0"/>
      <line num="27" count="3" type="stmt"/>
    </file>
  </project>
</coverage>
