{"C:\\Users\\jU\\Documents\\GitHub\\Build-Tool-Showcase\\src\\index.ts": {"path":"C:\\Users\\jU\\Documents\\GitHub\\Build-Tool-Showcase\\src\\index.ts","statementMap":{"0":{"start":{"line":9,"column":0},"end":{"line":9,"column":16}},"1":{"start":{"line":18,"column":0},"end":{"line":18,"column":16}},"2":{"start":{"line":26,"column":0},"end":{"line":26,"column":16}},"3":{"start":{"line":1,"column":0},"end":{"line":1,"column":22}},"4":{"start":{"line":2,"column":0},"end":{"line":2,"column":44}},"5":{"start":{"line":3,"column":0},"end":{"line":3,"column":39}},"6":{"start":{"line":4,"column":0},"end":{"line":4,"column":28}},"7":{"start":{"line":6,"column":22},"end":{"line":6,"column":61}},"8":{"start":{"line":7,"column":23},"end":{"line":7,"column":61}},"9":{"start":{"line":13,"column":2},"end":{"line":15,"column":5}},"10":{"start":{"line":14,"column":4},"end":{"line":14,"column":37}},"11":{"start":{"line":19,"column":2},"end":{"line":21,"column":5}},"12":{"start":{"line":20,"column":4},"end":{"line":20,"column":48}},"13":{"start":{"line":24,"column":18},"end":{"line":24,"column":49}},"14":{"start":{"line":27,"column":15},"end":{"line":27,"column":38}},"15":{"start":{"line":28,"column":2},"end":{"line":30,"column":3}},"16":{"start":{"line":29,"column":4},"end":{"line":29,"column":31}},"17":{"start":{"line":33,"column":0},"end":{"line":33,"column":50}},"18":{"start":{"line":34,"column":0},"end":{"line":34,"column":56}},"19":{"start":{"line":35,"column":0},"end":{"line":35,"column":44}}},"fnMap":{"0":{"name":"displayTools","decl":{"start":{"line":9,"column":16},"end":{"line":9,"column":28}},"loc":{"start":{"line":11,"column":22},"end":{"line":16,"column":1}}},"1":{"name":"(anonymous_11)","decl":{"start":{"line":13,"column":21},"end":{"line":13,"column":22}},"loc":{"start":{"line":13,"column":30},"end":{"line":15,"column":3}}},"2":{"name":"addListenerToThemeSwitch","decl":{"start":{"line":18,"column":16},"end":{"line":18,"column":40}},"loc":{"start":{"line":18,"column":61},"end":{"line":22,"column":1}}},"3":{"name":"(anonymous_13)","decl":{"start":{"line":19,"column":37},"end":{"line":19,"column":40}},"loc":{"start":{"line":19,"column":42},"end":{"line":21,"column":3}}},"4":{"name":"updateCurrentYear","decl":{"start":{"line":26,"column":16},"end":{"line":26,"column":33}},"loc":{"start":{"line":26,"column":54},"end":{"line":31,"column":1}}}},"branchMap":{"0":{"loc":{"start":{"line":19,"column":2},"end":{"line":21,"column":4}},"type":"cond-expr","locations":[{"start":{"line":19,"column":9},"end":{"line":19,"column":11}},{"start":{"line":19,"column":2},"end":{"line":21,"column":4}}]},"1":{"loc":{"start":{"line":19,"column":2},"end":{"line":19,"column":11}},"type":"binary-expr","locations":[{"start":{"line":19,"column":2},"end":{"line":19,"column":11}},{"start":{"line":19,"column":2},"end":{"line":19,"column":11}}]},"2":{"loc":{"start":{"line":28,"column":2},"end":{"line":30,"column":3}},"type":"if","locations":[{"start":{"line":28,"column":2},"end":{"line":30,"column":3}}]}},"s":{"0":1,"1":1,"2":1,"3":1,"4":1,"5":1,"6":1,"7":1,"8":1,"9":2,"10":15,"11":2,"12":1,"13":1,"14":2,"15":2,"16":1,"17":1,"18":1,"19":1},"f":{"0":2,"1":15,"2":2,"3":1,"4":2},"b":{"0":[1,1],"1":[2,1],"2":[1]}}
,"C:\\Users\\jU\\Documents\\GitHub\\Build-Tool-Showcase\\src\\utils.ts": {"path":"C:\\Users\\jU\\Documents\\GitHub\\Build-Tool-Showcase\\src\\utils.ts","statementMap":{"0":{"start":{"line":1,"column":0},"end":{"line":1,"column":16}},"1":{"start":{"line":5,"column":24},"end":{"line":5,"column":53}},"2":{"start":{"line":6,"column":2},"end":{"line":6,"column":48}},"3":{"start":{"line":8,"column":16},"end":{"line":8,"column":44}},"4":{"start":{"line":9,"column":2},"end":{"line":9,"column":32}},"5":{"start":{"line":11,"column":15},"end":{"line":11,"column":42}},"6":{"start":{"line":12,"column":2},"end":{"line":12,"column":38}},"7":{"start":{"line":14,"column":2},"end":{"line":14,"column":35}},"8":{"start":{"line":15,"column":2},"end":{"line":15,"column":34}},"9":{"start":{"line":16,"column":2},"end":{"line":18,"column":3}},"10":{"start":{"line":17,"column":4},"end":{"line":17,"column":39}}},"fnMap":{"0":{"name":"createToolElement","decl":{"start":{"line":1,"column":16},"end":{"line":1,"column":33}},"loc":{"start":{"line":3,"column":22},"end":{"line":19,"column":1}}}},"branchMap":{"0":{"loc":{"start":{"line":16,"column":2},"end":{"line":18,"column":3}},"type":"if","locations":[{"start":{"line":16,"column":2},"end":{"line":18,"column":3}}]}},"s":{"0":1,"1":16,"2":16,"3":16,"4":16,"5":16,"6":16,"7":16,"8":16,"9":16,"10":3},"f":{"0":16},"b":{"0":[3]}}
}
