TN:
SF:src\index.ts
FN:9,displayTools
FN:13,(anonymous_11)
FN:18,addListenerToThemeSwitch
FN:19,(anonymous_13)
FN:26,updateCurrentYear
FNF:5
FNH:5
FNDA:2,displayTools
FNDA:15,(anonymous_11)
FNDA:2,addListenerToThemeSwitch
FNDA:1,(anonymous_13)
FNDA:2,updateCurrentYear
DA:1,1
DA:2,1
DA:3,1
DA:4,1
DA:6,1
DA:7,1
DA:9,1
DA:13,2
DA:14,15
DA:18,1
DA:19,2
DA:20,1
DA:24,1
DA:26,1
DA:27,2
DA:28,2
DA:29,1
DA:33,1
DA:34,1
DA:35,1
LF:20
LH:20
BRDA:19,0,0,1
BRDA:19,0,1,1
BRDA:19,1,0,2
BRDA:19,1,1,1
BRDA:28,2,0,1
BRF:5
BRH:5
end_of_record
TN:
SF:src\utils.ts
FN:1,createToolElement
FNF:1
FNH:1
FNDA:16,createToolElement
DA:1,1
DA:5,16
DA:6,16
DA:8,16
DA:9,16
DA:11,16
DA:12,16
DA:14,16
DA:15,16
DA:16,16
DA:17,3
LF:11
LH:11
BRDA:16,0,0,3
BRF:1
BRH:1
end_of_record
