TN:
SF:src\index.ts
FN:9,displayTools
FN:13,(anonymous_11)
FN:19,addListenerToThemeSwitch
FN:20,(anonymous_13)
FN:27,updateCurrentYear
FNF:5
FNH:5
FNDA:2,displayTools
FNDA:19,(anonymous_11)
FNDA:2,addListenerToThemeSwitch
FNDA:1,(anonymous_13)
FNDA:2,updateCurrentYear
DA:1,1
DA:2,1
DA:3,1
DA:4,1
DA:6,1
DA:7,1
DA:9,1
DA:13,2
DA:14,19
DA:15,19
DA:19,1
DA:20,2
DA:21,1
DA:25,1
DA:27,1
DA:28,2
DA:29,2
DA:30,1
DA:34,1
DA:35,1
DA:36,1
LF:21
LH:21
BRDA:20,0,0,1
BRDA:20,0,1,1
BRDA:20,1,0,2
BRDA:20,1,1,1
BRDA:29,2,0,1
BRF:5
BRH:5
end_of_record
TN:
SF:src\utils.ts
FN:1,createToolElement
FNF:1
FNH:1
FNDA:19,createToolElement
DA:1,1
DA:6,19
DA:7,19
DA:9,19
DA:10,19
DA:12,19
DA:13,19
DA:14,19
DA:16,19
DA:17,19
DA:19,19
DA:20,19
DA:22,19
DA:23,19
DA:24,19
DA:25,19
DA:26,19
DA:27,2
LF:18
LH:18
BRDA:26,0,0,2
BRF:1
BRH:1
end_of_record
